# JRE version: Java(TM) SE Runtime Environment (8.0_40-b25) (build 1.8.0_40-b25)
# Java VM: Java HotSpot(TM) 64-Bit Server VM (25.40-b25 mixed mode windows-amd64 compressed oops)
Heap:
 PSYoungGen      total 146944K, used 44689K [0x00000000eb100000, 0x00000000f6b00000, 0x0000000100000000)
  eden space 135680K, 24% used [0x00000000eb100000,0x00000000ed1a8ce0,0x00000000f3580000)
  from space 11264K, 99% used [0x00000000f3580000,0x00000000f407b9b8,0x00000000f4080000)
  to   space 9216K, 0% used [0x00000000f4080000,0x00000000f4080000,0x00000000f4980000)
 ParOldGen       total 55808K, used 19844K [0x00000000c1200000, 0x00000000c4880000, 0x00000000eb100000)
  object space 55808K, 35% used [0x00000000c1200000,0x00000000c25613d0,0x00000000c4880000)
 Metaspace       used 41713K, capacity 43642K, committed 43736K, reserved 1087488K
  class space    used 5420K, capacity 5810K, committed 5888K, reserved 1048576K
GC Heap History (10 events):
Event: 6.373 GC heap before
{Heap before GC invocations=9 (full 1):
 PSYoungGen      total 72192K, used 64512K [0x00000000eb100000, 0x00000000f3d00000, 0x0000000100000000)
  eden space 64512K, 100% used [0x00000000eb100000,0x00000000ef000000,0x00000000ef000000)
  from space 7680K, 0% used [0x00000000ef000000,0x00000000ef000000,0x00000000ef780000)
  to   space 7168K, 0% used [0x00000000f3600000,0x00000000f3600000,0x00000000f3d00000)
 ParOldGen       total 34816K, used 8402K [0x00000000c1200000, 0x00000000c3400000, 0x00000000eb100000)
  object space 34816K, 24% used [0x00000000c1200000,0x00000000c1a348d8,0x00000000c3400000)
 Metaspace       used 26720K, capacity 27592K, committed 27776K, reserved 1073152K
  class space    used 3464K, capacity 3666K, committed 3712K, reserved 1048576K
Event: 6.388 GC heap after
Heap after GC invocations=9 (full 1):
 PSYoungGen      total 109056K, used 5852K [0x00000000eb100000, 0x00000000f3c00000, 0x0000000100000000)
  eden space 102912K, 0% used [0x00000000eb100000,0x00000000eb100000,0x00000000f1580000)
  from space 6144K, 95% used [0x00000000f3600000,0x00000000f3bb70e8,0x00000000f3c00000)
  to   space 7680K, 0% used [0x00000000f2d00000,0x00000000f2d00000,0x00000000f3480000)
 ParOldGen       total 34816K, used 8410K [0x00000000c1200000, 0x00000000c3400000, 0x00000000eb100000)
  object space 34816K, 24% used [0x00000000c1200000,0x00000000c1a368d8,0x00000000c3400000)
 Metaspace       used 26720K, capacity 27592K, committed 27776K, reserved 1073152K
  class space    used 3464K, capacity 3666K, committed 3712K, reserved 1048576K
}
Event: 8.017 GC heap before
{Heap before GC invocations=10 (full 1):
 PSYoungGen      total 109056K, used 108764K [0x00000000eb100000, 0x00000000f3c00000, 0x0000000100000000)
  eden space 102912K, 100% used [0x00000000eb100000,0x00000000f1580000,0x00000000f1580000)
  from space 6144K, 95% used [0x00000000f3600000,0x00000000f3bb70e8,0x00000000f3c00000)
  to   space 7680K, 0% used [0x00000000f2d00000,0x00000000f2d00000,0x00000000f3480000)
 ParOldGen       total 34816K, used 8410K [0x00000000c1200000, 0x00000000c3400000, 0x00000000eb100000)
  object space 34816K, 24% used [0x00000000c1200000,0x00000000c1a368d8,0x00000000c3400000)
 Metaspace       used 29024K, capacity 29968K, committed 30208K, reserved 1075200K
  class space    used 3769K, capacity 3994K, committed 4096K, reserved 1048576K
Event: 8.041 GC heap after
Heap after GC invocations=10 (full 1):
 PSYoungGen      total 134656K, used 7652K [0x00000000eb100000, 0x00000000f4980000, 0x0000000100000000)
  eden space 126976K, 0% used [0x00000000eb100000,0x00000000eb100000,0x00000000f2d00000)
  from space 7680K, 99% used [0x00000000f2d00000,0x00000000f3479178,0x00000000f3480000)
  to   space 9216K, 0% used [0x00000000f4080000,0x00000000f4080000,0x00000000f4980000)
 ParOldGen       total 34816K, used 10328K [0x00000000c1200000, 0x00000000c3400000, 0x00000000eb100000)
  object space 34816K, 29% used [0x00000000c1200000,0x00000000c1c160f8,0x00000000c3400000)
 Metaspace       used 29024K, capacity 29968K, committed 30208K, reserved 1075200K
  class space    used 3769K, capacity 3994K, committed 4096K, reserved 1048576K
}
Event: 10.524 GC heap before
{Heap before GC invocations=11 (full 1):
 PSYoungGen      total 134656K, used 96756K [0x00000000eb100000, 0x00000000f4980000, 0x0000000100000000)
  eden space 126976K, 70% used [0x00000000eb100000,0x00000000f08040c8,0x00000000f2d00000)
  from space 7680K, 99% used [0x00000000f2d00000,0x00000000f3479178,0x00000000f3480000)
  to   space 9216K, 0% used [0x00000000f4080000,0x00000000f4080000,0x00000000f4980000)
 ParOldGen       total 34816K, used 10328K [0x00000000c1200000, 0x00000000c3400000, 0x00000000eb100000)
  object space 34816K, 29% used [0x00000000c1200000,0x00000000c1c160f8,0x00000000c3400000)
 Metaspace       used 33832K, capacity 35344K, committed 35416K, reserved 1079296K
  class space    used 4401K, capacity 4711K, committed 4736K, reserved 1048576K
Event: 10.558 GC heap after
Heap after GC invocations=11 (full 1):
 PSYoungGen      total 144896K, used 9198K [0x00000000eb100000, 0x00000000f6b00000, 0x0000000100000000)
  eden space 135680K, 0% used [0x00000000eb100000,0x00000000eb100000,0x00000000f3580000)
  from space 9216K, 99% used [0x00000000f4080000,0x00000000f497baa0,0x00000000f4980000)
  to   space 11264K, 0% used [0x00000000f3580000,0x00000000f3580000,0x00000000f4080000)
 ParOldGen       total 34816K, used 14121K [0x00000000c1200000, 0x00000000c3400000, 0x00000000eb100000)
  object space 34816K, 40% used [0x00000000c1200000,0x00000000c1fca498,0x00000000c3400000)
 Metaspace       used 33832K, capacity 35344K, committed 35416K, reserved 1079296K
  class space    used 4401K, capacity 4711K, committed 4736K, reserved 1048576K
}
Event: 10.558 GC heap before
{Heap before GC invocations=12 (full 2):
 PSYoungGen      total 144896K, used 9198K [0x00000000eb100000, 0x00000000f6b00000, 0x0000000100000000)
  eden space 135680K, 0% used [0x00000000eb100000,0x00000000eb100000,0x00000000f3580000)
  from space 9216K, 99% used [0x00000000f4080000,0x00000000f497baa0,0x00000000f4980000)
  to   space 11264K, 0% used [0x00000000f3580000,0x00000000f3580000,0x00000000f4080000)
 ParOldGen       total 34816K, used 14121K [0x00000000c1200000, 0x00000000c3400000, 0x00000000eb100000)
  object space 34816K, 40% used [0x00000000c1200000,0x00000000c1fca498,0x00000000c3400000)
 Metaspace       used 33832K, capacity 35344K, committed 35416K, reserved 1079296K
  class space    used 4401K, capacity 4711K, committed 4736K, reserved 1048576K
Event: 10.727 GC heap after
Heap after GC invocations=12 (full 2):
 PSYoungGen      total 144896K, used 0K [0x00000000eb100000, 0x00000000f6b00000, 0x0000000100000000)
  eden space 135680K, 0% used [0x00000000eb100000,0x00000000eb100000,0x00000000f3580000)
  from space 9216K, 0% used [0x00000000f4080000,0x00000000f4080000,0x00000000f4980000)
  to   space 11264K, 0% used [0x00000000f3580000,0x00000000f3580000,0x00000000f4080000)
 ParOldGen       total 55808K, used 16861K [0x00000000c1200000, 0x00000000c4880000, 0x00000000eb100000)
  object space 55808K, 30% used [0x00000000c1200000,0x00000000c2277628,0x00000000c4880000)
 Metaspace       used 33832K, capacity 35344K, committed 35416K, reserved 1079296K
  class space    used 4401K, capacity 4711K, committed 4736K, reserved 1048576K
}
Event: 14.363 GC heap before
{Heap before GC invocations=13 (full 2):
 PSYoungGen      total 144896K, used 135680K [0x00000000eb100000, 0x00000000f6b00000, 0x0000000100000000)
  eden space 135680K, 100% used [0x00000000eb100000,0x00000000f3580000,0x00000000f3580000)
  from space 9216K, 0% used [0x00000000f4080000,0x00000000f4080000,0x00000000f4980000)
  to   space 11264K, 0% used [0x00000000f3580000,0x00000000f3580000,0x00000000f4080000)
 ParOldGen       total 55808K, used 16861K [0x00000000c1200000, 0x00000000c4880000, 0x00000000eb100000)
  object space 55808K, 30% used [0x00000000c1200000,0x00000000c2277628,0x00000000c4880000)
 Metaspace       used 40176K, capacity 41866K, committed 42200K, reserved 1085440K
  class space    used 5228K, capacity 5542K, committed 5632K, reserved 1048576K
Event: 14.402 GC heap after
Heap after GC invocations=13 (full 2):
 PSYoungGen      total 146944K, used 11246K [0x00000000eb100000, 0x00000000f6b00000, 0x0000000100000000)
  eden space 135680K, 0% used [0x00000000eb100000,0x00000000eb100000,0x00000000f3580000)
  from space 11264K, 99% used [0x00000000f3580000,0x00000000f407b9b8,0x00000000f4080000)
  to   space 9216K, 0% used [0x00000000f4080000,0x00000000f4080000,0x00000000f4980000)
 ParOldGen       total 55808K, used 19844K [0x00000000c1200000, 0x00000000c4880000, 0x00000000eb100000)
  object space 55808K, 35% used [0x00000000c1200000,0x00000000c25613d0,0x00000000c4880000)
 Metaspace       used 40176K, capacity 41866K, committed 42200K, reserved 1085440K
  class space    used 5228K, capacity 5542K, committed 5632K, reserved 1048576K
}

