# JRE version: Java(TM) SE Runtime Environment (8.0_40-b25) (build 1.8.0_40-b25)
# Java VM: Java HotSpot(TM) 64-Bit Server VM (25.40-b25 mixed mode windows-amd64 compressed oops)
Heap:
 PSYoungGen      total 161280K, used 140143K [0x00000000eb100000, 0x00000000f6900000, 0x0000000100000000)
  eden space 147968K, 85% used [0x00000000eb100000,0x00000000f2ce1890,0x00000000f4180000)
  from space 13312K, 99% used [0x00000000f5300000,0x00000000f5ffa5b8,0x00000000f6000000)
  to   space 17920K, 0% used [0x00000000f4180000,0x00000000f4180000,0x00000000f5300000)
 ParOldGen       total 62976K, used 26981K [0x00000000c1200000, 0x00000000c4f80000, 0x00000000eb100000)
  object space 62976K, 42% used [0x00000000c1200000,0x00000000c2c59788,0x00000000c4f80000)
 Metaspace       used 53159K, capacity 55814K, committed 55976K, reserved 1097728K
  class space    used 7065K, capacity 7546K, committed 7600K, reserved 1048576K
GC Heap History (10 events):
Event: 8.167 GC heap before
{Heap before GC invocations=10 (full 1):
 PSYoungGen      total 101376K, used 101083K [0x00000000eb100000, 0x00000000f3c00000, 0x0000000100000000)
  eden space 95232K, 100% used [0x00000000eb100000,0x00000000f0e00000,0x00000000f0e00000)
  from space 6144K, 95% used [0x00000000f3600000,0x00000000f3bb6ec0,0x00000000f3c00000)
  to   space 7680K, 0% used [0x00000000f2d00000,0x00000000f2d00000,0x00000000f3480000)
 ParOldGen       total 38400K, used 10410K [0x00000000c1200000, 0x00000000c3780000, 0x00000000eb100000)
  object space 38400K, 27% used [0x00000000c1200000,0x00000000c1c2abb0,0x00000000c3780000)
 Metaspace       used 28486K, capacity 29464K, committed 29616K, reserved 1075200K
  class space    used 3683K, capacity 3894K, committed 4016K, reserved 1048576K
Event: 8.186 GC heap after
Heap after GC invocations=10 (full 1):
 PSYoungGen      total 128512K, used 7669K [0x00000000eb100000, 0x00000000f3800000, 0x0000000100000000)
  eden space 120832K, 0% used [0x00000000eb100000,0x00000000eb100000,0x00000000f2700000)
  from space 7680K, 99% used [0x00000000f2d00000,0x00000000f347d7e8,0x00000000f3480000)
  to   space 3584K, 0% used [0x00000000f3480000,0x00000000f3480000,0x00000000f3800000)
 ParOldGen       total 38400K, used 11251K [0x00000000c1200000, 0x00000000c3780000, 0x00000000eb100000)
  object space 38400K, 29% used [0x00000000c1200000,0x00000000c1cfcd40,0x00000000c3780000)
 Metaspace       used 28486K, capacity 29464K, committed 29616K, reserved 1075200K
  class space    used 3683K, capacity 3894K, committed 4016K, reserved 1048576K
}
Event: 11.039 GC heap before
{Heap before GC invocations=11 (full 1):
 PSYoungGen      total 128512K, used 108141K [0x00000000eb100000, 0x00000000f3800000, 0x0000000100000000)
  eden space 120832K, 83% used [0x00000000eb100000,0x00000000f131dc30,0x00000000f2700000)
  from space 7680K, 99% used [0x00000000f2d00000,0x00000000f347d7e8,0x00000000f3480000)
  to   space 3584K, 0% used [0x00000000f3480000,0x00000000f3480000,0x00000000f3800000)
 ParOldGen       total 38400K, used 11251K [0x00000000c1200000, 0x00000000c3780000, 0x00000000eb100000)
  object space 38400K, 29% used [0x00000000c1200000,0x00000000c1cfcd40,0x00000000c3780000)
 Metaspace       used 33949K, capacity 35392K, committed 35496K, reserved 1079296K
  class space    used 4426K, capacity 4711K, committed 4784K, reserved 1048576K
Event: 11.068 GC heap after
Heap after GC invocations=11 (full 1):
 PSYoungGen      total 126976K, used 3552K [0x00000000eb100000, 0x00000000f5a80000, 0x0000000100000000)
  eden space 123392K, 0% used [0x00000000eb100000,0x00000000eb100000,0x00000000f2980000)
  from space 3584K, 99% used [0x00000000f3480000,0x00000000f37f8020,0x00000000f3800000)
  to   space 11264K, 0% used [0x00000000f2980000,0x00000000f2980000,0x00000000f3480000)
 ParOldGen       total 38400K, used 21362K [0x00000000c1200000, 0x00000000c3780000, 0x00000000eb100000)
  object space 38400K, 55% used [0x00000000c1200000,0x00000000c26dc9b0,0x00000000c3780000)
 Metaspace       used 33949K, capacity 35392K, committed 35496K, reserved 1079296K
  class space    used 4426K, capacity 4711K, committed 4784K, reserved 1048576K
}
Event: 11.068 GC heap before
{Heap before GC invocations=12 (full 2):
 PSYoungGen      total 126976K, used 3552K [0x00000000eb100000, 0x00000000f5a80000, 0x0000000100000000)
  eden space 123392K, 0% used [0x00000000eb100000,0x00000000eb100000,0x00000000f2980000)
  from space 3584K, 99% used [0x00000000f3480000,0x00000000f37f8020,0x00000000f3800000)
  to   space 11264K, 0% used [0x00000000f2980000,0x00000000f2980000,0x00000000f3480000)
 ParOldGen       total 38400K, used 21362K [0x00000000c1200000, 0x00000000c3780000, 0x00000000eb100000)
  object space 38400K, 55% used [0x00000000c1200000,0x00000000c26dc9b0,0x00000000c3780000)
 Metaspace       used 33949K, capacity 35392K, committed 35496K, reserved 1079296K
  class space    used 4426K, capacity 4711K, committed 4784K, reserved 1048576K
Event: 11.229 GC heap after
Heap after GC invocations=12 (full 2):
 PSYoungGen      total 126976K, used 0K [0x00000000eb100000, 0x00000000f5a80000, 0x0000000100000000)
  eden space 123392K, 0% used [0x00000000eb100000,0x00000000eb100000,0x00000000f2980000)
  from space 3584K, 0% used [0x00000000f3480000,0x00000000f3480000,0x00000000f3800000)
  to   space 11264K, 0% used [0x00000000f2980000,0x00000000f2980000,0x00000000f3480000)
 ParOldGen       total 62976K, used 17606K [0x00000000c1200000, 0x00000000c4f80000, 0x00000000eb100000)
  object space 62976K, 27% used [0x00000000c1200000,0x00000000c2331a48,0x00000000c4f80000)
 Metaspace       used 33949K, capacity 35392K, committed 35496K, reserved 1079296K
  class space    used 4426K, capacity 4711K, committed 4784K, reserved 1048576K
}
Event: 14.304 GC heap before
{Heap before GC invocations=13 (full 2):
 PSYoungGen      total 126976K, used 123392K [0x00000000eb100000, 0x00000000f5a80000, 0x0000000100000000)
  eden space 123392K, 100% used [0x00000000eb100000,0x00000000f2980000,0x00000000f2980000)
  from space 3584K, 0% used [0x00000000f3480000,0x00000000f3480000,0x00000000f3800000)
  to   space 11264K, 0% used [0x00000000f2980000,0x00000000f2980000,0x00000000f3480000)
 ParOldGen       total 62976K, used 17606K [0x00000000c1200000, 0x00000000c4f80000, 0x00000000eb100000)
  object space 62976K, 27% used [0x00000000c1200000,0x00000000c2331a48,0x00000000c4f80000)
 Metaspace       used 39705K, capacity 41356K, committed 41640K, reserved 1085440K
  class space    used 5166K, capacity 5507K, committed 5552K, reserved 1048576K
Event: 14.331 GC heap after
Heap after GC invocations=13 (full 2):
 PSYoungGen      total 134656K, used 11252K [0x00000000eb100000, 0x00000000f6000000, 0x0000000100000000)
  eden space 123392K, 0% used [0x00000000eb100000,0x00000000eb100000,0x00000000f2980000)
  from space 11264K, 99% used [0x00000000f2980000,0x00000000f347d2a8,0x00000000f3480000)
  to   space 13312K, 0% used [0x00000000f5300000,0x00000000f5300000,0x00000000f6000000)
 ParOldGen       total 62976K, used 19493K [0x00000000c1200000, 0x00000000c4f80000, 0x00000000eb100000)
  object space 62976K, 30% used [0x00000000c1200000,0x00000000c2509730,0x00000000c4f80000)
 Metaspace       used 39705K, capacity 41356K, committed 41640K, reserved 1085440K
  class space    used 5166K, capacity 5507K, committed 5552K, reserved 1048576K
}
Event: 18.051 GC heap before
{Heap before GC invocations=14 (full 2):
 PSYoungGen      total 134656K, used 134644K [0x00000000eb100000, 0x00000000f6000000, 0x0000000100000000)
  eden space 123392K, 100% used [0x00000000eb100000,0x00000000f2980000,0x00000000f2980000)
  from space 11264K, 99% used [0x00000000f2980000,0x00000000f347d2a8,0x00000000f3480000)
  to   space 13312K, 0% used [0x00000000f5300000,0x00000000f5300000,0x00000000f6000000)
 ParOldGen       total 62976K, used 19493K [0x00000000c1200000, 0x00000000c4f80000, 0x00000000eb100000)
  object space 62976K, 30% used [0x00000000c1200000,0x00000000c2509730,0x00000000c4f80000)
 Metaspace       used 46597K, capacity 48942K, committed 49064K, reserved 1091584K
  class space    used 6118K, capacity 6550K, committed 6576K, reserved 1048576K
Event: 18.102 GC heap after
Heap after GC invocations=14 (full 2):
 PSYoungGen      total 161280K, used 13289K [0x00000000eb100000, 0x00000000f6900000, 0x0000000100000000)
  eden space 147968K, 0% used [0x00000000eb100000,0x00000000eb100000,0x00000000f4180000)
  from space 13312K, 99% used [0x00000000f5300000,0x00000000f5ffa5b8,0x00000000f6000000)
  to   space 17920K, 0% used [0x00000000f4180000,0x00000000f4180000,0x00000000f5300000)
 ParOldGen       total 62976K, used 26981K [0x00000000c1200000, 0x00000000c4f80000, 0x00000000eb100000)
  object space 62976K, 42% used [0x00000000c1200000,0x00000000c2c59788,0x00000000c4f80000)
 Metaspace       used 46597K, capacity 48942K, committed 49064K, reserved 1091584K
  class space    used 6118K, capacity 6550K, committed 6576K, reserved 1048576K
}

