# JRE version: Java(TM) SE Runtime Environment (8.0_40-b25) (build 1.8.0_40-b25)
# Java VM: Java HotSpot(TM) 64-Bit Server VM (25.40-b25 mixed mode windows-amd64 compressed oops)
Heap:
 PSYoungGen      total 144896K, used 120287K [0x00000000eb100000, 0x00000000f7480000, 0x0000000100000000)
  eden space 133120K, 81% used [0x00000000eb100000,0x00000000f1af9df0,0x00000000f3300000)
  from space 11776K, 99% used [0x00000000f3300000,0x00000000f3e7e208,0x00000000f3e80000)
  to   space 14336K, 0% used [0x00000000f6680000,0x00000000f6680000,0x00000000f7480000)
 ParOldGen       total 55296K, used 19372K [0x00000000c1200000, 0x00000000c4800000, 0x00000000eb100000)
  object space 55296K, 35% used [0x00000000c1200000,0x00000000c24eb1b8,0x00000000c4800000)
 Metaspace       used 45705K, capacity 48046K, committed 48168K, reserved 1091584K
  class space    used 5996K, capacity 6422K, committed 6448K, reserved 1048576K
GC Heap History (10 events):
Event: 6.726 GC heap before
{Heap before GC invocations=9 (full 1):
 PSYoungGen      total 72192K, used 64512K [0x00000000eb100000, 0x00000000f3d00000, 0x0000000100000000)
  eden space 64512K, 100% used [0x00000000eb100000,0x00000000ef000000,0x00000000ef000000)
  from space 7680K, 0% used [0x00000000ef000000,0x00000000ef000000,0x00000000ef780000)
  to   space 7168K, 0% used [0x00000000f3600000,0x00000000f3600000,0x00000000f3d00000)
 ParOldGen       total 34816K, used 8380K [0x00000000c1200000, 0x00000000c3400000, 0x00000000eb100000)
  object space 34816K, 24% used [0x00000000c1200000,0x00000000c1a2f2e8,0x00000000c3400000)
 Metaspace       used 26702K, capacity 27534K, committed 27824K, reserved 1073152K
  class space    used 3465K, capacity 3667K, committed 3760K, reserved 1048576K
Event: 6.742 GC heap after
Heap after GC invocations=9 (full 1):
 PSYoungGen      total 109056K, used 6441K [0x00000000eb100000, 0x00000000f3c80000, 0x0000000100000000)
  eden space 102400K, 0% used [0x00000000eb100000,0x00000000eb100000,0x00000000f1500000)
  from space 6656K, 96% used [0x00000000f3600000,0x00000000f3c4a668,0x00000000f3c80000)
  to   space 7680K, 0% used [0x00000000f2d80000,0x00000000f2d80000,0x00000000f3500000)
 ParOldGen       total 34816K, used 8452K [0x00000000c1200000, 0x00000000c3400000, 0x00000000eb100000)
  object space 34816K, 24% used [0x00000000c1200000,0x00000000c1a412f8,0x00000000c3400000)
 Metaspace       used 26702K, capacity 27534K, committed 27824K, reserved 1073152K
  class space    used 3465K, capacity 3667K, committed 3760K, reserved 1048576K
}
Event: 8.684 GC heap before
{Heap before GC invocations=10 (full 1):
 PSYoungGen      total 109056K, used 108841K [0x00000000eb100000, 0x00000000f3c80000, 0x0000000100000000)
  eden space 102400K, 100% used [0x00000000eb100000,0x00000000f1500000,0x00000000f1500000)
  from space 6656K, 96% used [0x00000000f3600000,0x00000000f3c4a668,0x00000000f3c80000)
  to   space 7680K, 0% used [0x00000000f2d80000,0x00000000f2d80000,0x00000000f3500000)
 ParOldGen       total 34816K, used 8452K [0x00000000c1200000, 0x00000000c3400000, 0x00000000eb100000)
  object space 34816K, 24% used [0x00000000c1200000,0x00000000c1a412f8,0x00000000c3400000)
 Metaspace       used 29051K, capacity 30032K, committed 30128K, reserved 1075200K
  class space    used 3780K, capacity 3994K, committed 4016K, reserved 1048576K
Event: 8.705 GC heap after
Heap after GC invocations=10 (full 1):
 PSYoungGen      total 135168K, used 7677K [0x00000000eb100000, 0x00000000f4780000, 0x0000000100000000)
  eden space 127488K, 0% used [0x00000000eb100000,0x00000000eb100000,0x00000000f2d80000)
  from space 7680K, 99% used [0x00000000f2d80000,0x00000000f34ff4f0,0x00000000f3500000)
  to   space 9216K, 0% used [0x00000000f3e80000,0x00000000f3e80000,0x00000000f4780000)
 ParOldGen       total 34816K, used 10422K [0x00000000c1200000, 0x00000000c3400000, 0x00000000eb100000)
  object space 34816K, 29% used [0x00000000c1200000,0x00000000c1c2db50,0x00000000c3400000)
 Metaspace       used 29051K, capacity 30032K, committed 30128K, reserved 1075200K
  class space    used 3780K, capacity 3994K, committed 4016K, reserved 1048576K
}
Event: 11.133 GC heap before
{Heap before GC invocations=11 (full 1):
 PSYoungGen      total 135168K, used 98173K [0x00000000eb100000, 0x00000000f4780000, 0x0000000100000000)
  eden space 127488K, 70% used [0x00000000eb100000,0x00000000f0960128,0x00000000f2d80000)
  from space 7680K, 99% used [0x00000000f2d80000,0x00000000f34ff4f0,0x00000000f3500000)
  to   space 9216K, 0% used [0x00000000f3e80000,0x00000000f3e80000,0x00000000f4780000)
 ParOldGen       total 34816K, used 10422K [0x00000000c1200000, 0x00000000c3400000, 0x00000000eb100000)
  object space 34816K, 29% used [0x00000000c1200000,0x00000000c1c2db50,0x00000000c3400000)
 Metaspace       used 33960K, capacity 35404K, committed 35496K, reserved 1079296K
  class space    used 4426K, capacity 4711K, committed 4784K, reserved 1048576K
Event: 11.158 GC heap after
Heap after GC invocations=11 (full 1):
 PSYoungGen      total 142336K, used 9184K [0x00000000eb100000, 0x00000000f6a80000, 0x0000000100000000)
  eden space 133120K, 0% used [0x00000000eb100000,0x00000000eb100000,0x00000000f3300000)
  from space 9216K, 99% used [0x00000000f3e80000,0x00000000f47781b0,0x00000000f4780000)
  to   space 11776K, 0% used [0x00000000f3300000,0x00000000f3300000,0x00000000f3e80000)
 ParOldGen       total 34816K, used 14379K [0x00000000c1200000, 0x00000000c3400000, 0x00000000eb100000)
  object space 34816K, 41% used [0x00000000c1200000,0x00000000c200ae98,0x00000000c3400000)
 Metaspace       used 33960K, capacity 35404K, committed 35496K, reserved 1079296K
  class space    used 4426K, capacity 4711K, committed 4784K, reserved 1048576K
}
Event: 11.158 GC heap before
{Heap before GC invocations=12 (full 2):
 PSYoungGen      total 142336K, used 9184K [0x00000000eb100000, 0x00000000f6a80000, 0x0000000100000000)
  eden space 133120K, 0% used [0x00000000eb100000,0x00000000eb100000,0x00000000f3300000)
  from space 9216K, 99% used [0x00000000f3e80000,0x00000000f47781b0,0x00000000f4780000)
  to   space 11776K, 0% used [0x00000000f3300000,0x00000000f3300000,0x00000000f3e80000)
 ParOldGen       total 34816K, used 14379K [0x00000000c1200000, 0x00000000c3400000, 0x00000000eb100000)
  object space 34816K, 41% used [0x00000000c1200000,0x00000000c200ae98,0x00000000c3400000)
 Metaspace       used 33960K, capacity 35404K, committed 35496K, reserved 1079296K
  class space    used 4426K, capacity 4711K, committed 4784K, reserved 1048576K
Event: 11.290 GC heap after
Heap after GC invocations=12 (full 2):
 PSYoungGen      total 142336K, used 0K [0x00000000eb100000, 0x00000000f6a80000, 0x0000000100000000)
  eden space 133120K, 0% used [0x00000000eb100000,0x00000000eb100000,0x00000000f3300000)
  from space 9216K, 0% used [0x00000000f3e80000,0x00000000f3e80000,0x00000000f4780000)
  to   space 11776K, 0% used [0x00000000f3300000,0x00000000f3300000,0x00000000f3e80000)
 ParOldGen       total 55296K, used 16971K [0x00000000c1200000, 0x00000000c4800000, 0x00000000eb100000)
  object space 55296K, 30% used [0x00000000c1200000,0x00000000c2292fd8,0x00000000c4800000)
 Metaspace       used 33960K, capacity 35404K, committed 35496K, reserved 1079296K
  class space    used 4426K, capacity 4711K, committed 4784K, reserved 1048576K
}
Event: 14.460 GC heap before
{Heap before GC invocations=13 (full 2):
 PSYoungGen      total 142336K, used 133120K [0x00000000eb100000, 0x00000000f6a80000, 0x0000000100000000)
  eden space 133120K, 100% used [0x00000000eb100000,0x00000000f3300000,0x00000000f3300000)
  from space 9216K, 0% used [0x00000000f3e80000,0x00000000f3e80000,0x00000000f4780000)
  to   space 11776K, 0% used [0x00000000f3300000,0x00000000f3300000,0x00000000f3e80000)
 ParOldGen       total 55296K, used 16971K [0x00000000c1200000, 0x00000000c4800000, 0x00000000eb100000)
  object space 55296K, 30% used [0x00000000c1200000,0x00000000c2292fd8,0x00000000c4800000)
 Metaspace       used 40128K, capacity 41734K, committed 41896K, reserved 1085440K
  class space    used 5229K, capacity 5542K, committed 5552K, reserved 1048576K
Event: 14.487 GC heap after
Heap after GC invocations=13 (full 2):
 PSYoungGen      total 144896K, used 11768K [0x00000000eb100000, 0x00000000f7480000, 0x0000000100000000)
  eden space 133120K, 0% used [0x00000000eb100000,0x00000000eb100000,0x00000000f3300000)
  from space 11776K, 99% used [0x00000000f3300000,0x00000000f3e7e208,0x00000000f3e80000)
  to   space 14336K, 0% used [0x00000000f6680000,0x00000000f6680000,0x00000000f7480000)
 ParOldGen       total 55296K, used 19372K [0x00000000c1200000, 0x00000000c4800000, 0x00000000eb100000)
  object space 55296K, 35% used [0x00000000c1200000,0x00000000c24eb1b8,0x00000000c4800000)
 Metaspace       used 40128K, capacity 41734K, committed 41896K, reserved 1085440K
  class space    used 5229K, capacity 5542K, committed 5552K, reserved 1048576K
}

